<?xml version="1.0" encoding="UTF-8"?>
<!-- Generated by org.testng.reporters.JUnitReportReporter -->
<testsuite skipped="0" hostname="DESKTOP-7JGLGSK" name="com.restapi.testcases.RestAssuredHTTPMethods" tests="1" failures="0" timestamp="27 Mar 2020 01:07:37 GMT" time="3.067" errors="0">
  <testcase name="test_Delete" time="3.067" classname="com.restapi.testcases.RestAssuredHTTPMethods"/>
</testsuite> <!-- com.restapi.testcases.RestAssuredHTTPMethods -->
